2026-01-17 17:29:46 [INFO]: 🚀 Server running on PORT 8000
2026-01-17 17:29:46 [INFO]: GET /api/appointments/student - IP: ::1
2026-01-17 17:29:46 [INFO]: GET /api/teachers - IP: ::1
2026-01-17 17:29:46 [INFO]: ✅ MongoDB Connected Successfully
2026-01-17 17:29:47 [INFO]: Teachers list retrieved
2026-01-17 17:29:47 [INFO]: GET /teachers - Status: 304 - Duration: 702ms
2026-01-17 17:29:47 [INFO]: GET /api/teachers - IP: ::1
2026-01-17 17:29:47 [INFO]: Teachers list retrieved
2026-01-17 17:29:47 [INFO]: GET /teachers - Status: 304 - Duration: 341ms
2026-01-17 17:29:47 [INFO]: Student appointments retrieved
2026-01-17 17:29:47 [INFO]: GET /student - Status: 304 - Duration: 1171ms
2026-01-17 17:29:47 [INFO]: GET /api/appointments/student - IP: ::1
2026-01-17 17:29:47 [INFO]: Student appointments retrieved
2026-01-17 17:29:47 [INFO]: GET /student - Status: 304 - Duration: 96ms
2026-01-17 17:30:12 [INFO]: GET /api/messages - IP: ::1
2026-01-17 17:30:12 [INFO]: GET /api/teachers - IP: ::1
2026-01-17 17:30:12 [INFO]: GET /api/messages/unread/count - IP: ::1
2026-01-17 17:30:13 [INFO]: Teachers list retrieved
2026-01-17 17:30:13 [INFO]: GET /teachers - Status: 304 - Duration: 54ms
2026-01-17 17:30:13 [INFO]: GET /api/teachers - IP: ::1
2026-01-17 17:30:13 [INFO]: GET /unread/count - Status: 304 - Duration: 86ms
2026-01-17 17:30:13 [INFO]: Messages retrieved
2026-01-17 17:30:13 [INFO]: GET / - Status: 304 - Duration: 125ms
2026-01-17 17:30:13 [INFO]: GET /api/messages/unread/count - IP: ::1
2026-01-17 17:30:13 [INFO]: Teachers list retrieved
2026-01-17 17:30:13 [INFO]: GET /teachers - Status: 304 - Duration: 136ms
2026-01-17 17:30:13 [INFO]: GET /api/messages - IP: ::1
2026-01-17 17:30:13 [INFO]: GET /unread/count - Status: 304 - Duration: 133ms
2026-01-17 17:30:13 [INFO]: Messages retrieved
2026-01-17 17:30:13 [INFO]: GET / - Status: 304 - Duration: 120ms
2026-01-17 17:30:38 [INFO]: GET /api/messages - IP: ::1
2026-01-17 17:30:38 [INFO]: GET /api/teachers - IP: ::1
2026-01-17 17:30:38 [INFO]: GET /api/messages/unread/count - IP: ::1
2026-01-17 17:30:38 [INFO]: Teachers list retrieved
2026-01-17 17:30:38 [INFO]: GET /teachers - Status: 304 - Duration: 37ms
2026-01-17 17:30:38 [INFO]: GET /unread/count - Status: 304 - Duration: 54ms
2026-01-17 17:30:38 [INFO]: GET /api/teachers - IP: ::1
2026-01-17 17:30:38 [INFO]: Messages retrieved
2026-01-17 17:30:38 [INFO]: GET / - Status: 304 - Duration: 137ms
2026-01-17 17:30:38 [INFO]: GET /api/messages/unread/count - IP: ::1
2026-01-17 17:30:38 [INFO]: Teachers list retrieved
2026-01-17 17:30:38 [INFO]: GET /teachers - Status: 304 - Duration: 110ms
2026-01-17 17:30:38 [INFO]: GET /api/messages - IP: ::1
2026-01-17 17:30:38 [INFO]: GET /unread/count - Status: 304 - Duration: 87ms
2026-01-17 17:30:38 [INFO]: Messages retrieved
2026-01-17 17:30:38 [INFO]: GET / - Status: 304 - Duration: 92ms
2026-01-17 17:36:21 [INFO]: 🚀 Server running on PORT 8000
2026-01-17 17:36:22 [INFO]: ✅ MongoDB Connected Successfully
2026-01-17 17:37:15 [INFO]: 🚀 Server running on PORT 8000
2026-01-17 17:37:15 [INFO]: ✅ MongoDB Connected Successfully
2026-01-17 17:37:54 [INFO]: GET /api/appointments/student - IP: ::1
2026-01-17 17:37:54 [INFO]: GET /api/teachers - IP: ::1
2026-01-17 17:37:54 [INFO]: Teachers list retrieved
2026-01-17 17:37:54 [INFO]: GET /teachers - Status: 304 - Duration: 46ms
2026-01-17 17:37:54 [INFO]: GET /api/teachers - IP: ::1
2026-01-17 17:37:54 [INFO]: Student appointments retrieved
2026-01-17 17:37:54 [INFO]: GET /student - Status: 304 - Duration: 92ms
2026-01-17 17:37:54 [INFO]: GET /api/appointments/student - IP: ::1
2026-01-17 17:37:54 [INFO]: Teachers list retrieved
2026-01-17 17:37:54 [INFO]: GET /teachers - Status: 304 - Duration: 32ms
2026-01-17 17:37:54 [INFO]: Student appointments retrieved
2026-01-17 17:37:54 [INFO]: GET /student - Status: 304 - Duration: 58ms
2026-01-17 17:38:08 [INFO]: GET /api/messages - IP: ::1
2026-01-17 17:38:08 [INFO]: Messages retrieved
2026-01-17 17:38:08 [INFO]: GET / - Status: 304 - Duration: 57ms
2026-01-17 17:38:08 [INFO]: GET /api/messages - IP: ::1
2026-01-17 17:38:08 [INFO]: Messages retrieved
2026-01-17 17:38:08 [INFO]: GET / - Status: 304 - Duration: 56ms
2026-01-17 17:38:15 [INFO]: GET /api/messages - IP: ::1
2026-01-17 17:38:15 [INFO]: Messages retrieved
2026-01-17 17:38:15 [INFO]: GET / - Status: 304 - Duration: 55ms
2026-01-17 17:38:15 [INFO]: GET /api/messages - IP: ::1
2026-01-17 17:38:15 [INFO]: Messages retrieved
2026-01-17 17:38:15 [INFO]: GET / - Status: 304 - Duration: 52ms
2026-01-17 17:38:28 [INFO]: 🚀 Server running on PORT 8000
2026-01-17 17:38:29 [INFO]: ✅ MongoDB Connected Successfully
2026-01-17 17:46:42 [INFO]: 🚀 Server running on PORT 8000
2026-01-17 17:46:43 [INFO]: ✅ MongoDB Connected Successfully
2026-01-17 17:47:02 [INFO]: GET /api/appointments/student - IP: ::1
2026-01-17 17:47:02 [INFO]: GET /api/teachers - IP: ::1
2026-01-17 17:47:02 [INFO]: Teachers list retrieved
2026-01-17 17:47:02 [INFO]: GET /teachers - Status: 304 - Duration: 120ms
2026-01-17 17:47:02 [INFO]: Student appointments retrieved
2026-01-17 17:47:02 [INFO]: GET /student - Status: 304 - Duration: 178ms
2026-01-17 17:47:02 [INFO]: GET /api/teachers - IP: ::1
2026-01-17 17:47:02 [INFO]: GET /api/appointments/student - IP: ::1
2026-01-17 17:47:02 [INFO]: Teachers list retrieved
2026-01-17 17:47:02 [INFO]: GET /teachers - Status: 304 - Duration: 35ms
2026-01-17 17:47:02 [INFO]: GET /api/teachers - IP: ::1
2026-01-17 17:47:02 [INFO]: Teachers list retrieved
2026-01-17 17:47:02 [INFO]: GET /teachers - Status: 304 - Duration: 32ms
2026-01-17 17:47:02 [INFO]: GET /api/teachers - IP: ::1
2026-01-17 17:47:02 [INFO]: Student appointments retrieved
2026-01-17 17:47:02 [INFO]: GET /student - Status: 304 - Duration: 83ms
2026-01-17 17:47:02 [INFO]: GET /api/appointments/student - IP: ::1
2026-01-17 17:47:02 [INFO]: Teachers list retrieved
2026-01-17 17:47:02 [INFO]: GET /teachers - Status: 304 - Duration: 40ms
2026-01-17 17:47:02 [INFO]: Student appointments retrieved
2026-01-17 17:47:02 [INFO]: GET /student - Status: 304 - Duration: 67ms
2026-01-17 17:47:02 [INFO]: GET /api/appointments/student - IP: ::1
2026-01-17 17:47:02 [INFO]: Student appointments retrieved
2026-01-17 17:47:02 [INFO]: GET /student - Status: 304 - Duration: 62ms
2026-01-17 17:47:09 [INFO]: GET /api/messages - IP: ::1
2026-01-17 17:47:09 [INFO]: Messages retrieved
2026-01-17 17:47:09 [INFO]: GET / - Status: 304 - Duration: 81ms
2026-01-17 17:47:09 [INFO]: GET /api/messages - IP: ::1
2026-01-17 17:47:09 [INFO]: Messages retrieved
2026-01-17 17:47:09 [INFO]: GET / - Status: 304 - Duration: 62ms
2026-01-17 17:48:55 [INFO]: 🚀 Server running on PORT 8000
2026-01-17 17:48:56 [INFO]: ✅ MongoDB Connected Successfully
2026-01-17 17:50:01 [INFO]: 🚀 Server running on PORT 8000
2026-01-17 17:50:01 [INFO]: ✅ MongoDB Connected Successfully
2026-01-17 17:51:02 [INFO]: 🚀 Server running on PORT 8000
2026-01-17 17:51:03 [INFO]: ✅ MongoDB Connected Successfully
2026-01-17 17:51:27 [INFO]: 🚀 Server running on PORT 8000
2026-01-17 17:51:28 [INFO]: ✅ MongoDB Connected Successfully
2026-01-17 18:09:26 [INFO]: MongoDB reconnected
2026-01-17 18:25:53 [INFO]: MongoDB reconnected
2026-01-17 18:25:53 [INFO]: MongoDB reconnected
2026-01-17 18:26:03 [WARN]: MongoDB disconnected
2026-01-17 18:26:03 [INFO]: MongoDB reconnected
2026-01-17 18:36:48 [INFO]: 🚀 Server running on PORT 8000
2026-01-17 18:36:49 [INFO]: ✅ MongoDB Connected Successfully
2026-01-17 18:47:59 [INFO]: GET /api/appointments/student - IP: ::1
2026-01-17 18:47:59 [INFO]: GET /api/teachers - IP: ::1
2026-01-17 18:47:59 [INFO]: Teachers list retrieved
2026-01-17 18:47:59 [INFO]: GET /teachers - Status: 304 - Duration: 48ms
2026-01-17 18:47:59 [INFO]: GET /api/teachers - IP: ::1
2026-01-17 18:47:59 [INFO]: Student appointments retrieved
2026-01-17 18:47:59 [INFO]: GET /student - Status: 304 - Duration: 99ms
2026-01-17 18:47:59 [INFO]: GET /api/appointments/student - IP: ::1
2026-01-17 18:47:59 [INFO]: Teachers list retrieved
2026-01-17 18:47:59 [INFO]: GET /teachers - Status: 304 - Duration: 29ms
2026-01-17 18:47:59 [INFO]: Student appointments retrieved
2026-01-17 18:47:59 [INFO]: GET /student - Status: 304 - Duration: 54ms
2026-01-17 18:48:38 [INFO]: 🚀 Server running on PORT 8000
2026-01-17 18:48:38 [INFO]: ✅ MongoDB Connected Successfully
2026-01-17 18:48:46 [INFO]: GET /api/messages - IP: ::1
2026-01-17 18:48:46 [INFO]: Messages retrieved
2026-01-17 18:48:46 [INFO]: GET / - Status: 304 - Duration: 90ms
2026-01-17 18:48:46 [INFO]: GET /api/messages - IP: ::1
2026-01-17 18:48:46 [INFO]: Messages retrieved
2026-01-17 18:48:46 [INFO]: GET / - Status: 304 - Duration: 58ms
2026-01-17 18:48:58 [INFO]: POST /api/login - IP: ::1
2026-01-17 18:48:59 [INFO]: User logged in successfully
2026-01-17 18:48:59 [INFO]: POST /login - Status: 201 - Duration: 218ms
2026-01-17 18:48:59 [INFO]: GET /api/appointments/admin/all - IP: ::1
2026-01-17 18:48:59 [INFO]: GET /api/admin/all - IP: ::1
2026-01-17 18:48:59 [INFO]: GET /api/admin/all - IP: ::1
2026-01-17 18:48:59 [INFO]: Users list retrieved
2026-01-17 18:48:59 [INFO]: GET /admin/all - Status: 304 - Duration: 63ms
2026-01-17 18:48:59 [INFO]: Users list retrieved
2026-01-17 18:48:59 [INFO]: GET /admin/all - Status: 304 - Duration: 62ms
2026-01-17 18:48:59 [INFO]: GET /api/admin/all - IP: ::1
2026-01-17 18:48:59 [INFO]: GET /api/admin/all - IP: ::1
2026-01-17 18:48:59 [INFO]: Users list retrieved
2026-01-17 18:48:59 [INFO]: GET /admin/all - Status: 304 - Duration: 64ms
2026-01-17 18:48:59 [INFO]: Users list retrieved
2026-01-17 18:48:59 [INFO]: GET /admin/all - Status: 304 - Duration: 74ms
2026-01-17 18:48:59 [INFO]: Admin retrieved all appointments
2026-01-17 18:48:59 [INFO]: GET /admin/all - Status: 304 - Duration: 267ms
2026-01-17 18:48:59 [INFO]: GET /api/appointments/admin/all - IP: ::1
2026-01-17 18:48:59 [INFO]: Admin retrieved all appointments
2026-01-17 18:48:59 [INFO]: GET /admin/all - Status: 304 - Duration: 56ms
2026-01-17 18:50:19 [INFO]: GET /api/appointments/admin/all - IP: ::1
2026-01-17 18:50:19 [INFO]: GET /api/admin/all - IP: ::1
2026-01-17 18:50:19 [INFO]: GET /api/admin/all - IP: ::1
2026-01-17 18:50:19 [INFO]: Admin retrieved all appointments
2026-01-17 18:50:19 [INFO]: GET /admin/all - Status: 304 - Duration: 64ms
2026-01-17 18:50:19 [INFO]: Users list retrieved
2026-01-17 18:50:19 [INFO]: GET /admin/all - Status: 304 - Duration: 63ms
2026-01-17 18:50:19 [INFO]: Users list retrieved
2026-01-17 18:50:19 [INFO]: GET /admin/all - Status: 304 - Duration: 61ms
2026-01-17 18:50:19 [INFO]: GET /api/appointments/admin/all - IP: ::1
2026-01-17 18:50:19 [INFO]: GET /api/admin/all - IP: ::1
2026-01-17 18:50:19 [INFO]: GET /api/admin/all - IP: ::1
2026-01-17 18:50:19 [INFO]: Admin retrieved all appointments
2026-01-17 18:50:19 [INFO]: GET /admin/all - Status: 304 - Duration: 60ms
2026-01-17 18:50:19 [INFO]: Users list retrieved
2026-01-17 18:50:19 [INFO]: GET /admin/all - Status: 304 - Duration: 61ms
2026-01-17 18:50:19 [INFO]: Users list retrieved
2026-01-17 18:50:19 [INFO]: GET /admin/all - Status: 304 - Duration: 59ms
2026-01-17 18:50:56 [INFO]: POST /api/login - IP: ::1
2026-01-17 18:50:57 [INFO]: User logged in successfully
2026-01-17 18:50:57 [INFO]: POST /login - Status: 201 - Duration: 182ms
2026-01-17 18:50:57 [INFO]: GET /api/appointments/admin/all - IP: ::1
2026-01-17 18:50:57 [INFO]: GET /api/admin/all - IP: ::1
2026-01-17 18:50:57 [INFO]: GET /api/admin/all - IP: ::1
2026-01-17 18:50:57 [INFO]: Admin retrieved all appointments
2026-01-17 18:50:57 [INFO]: GET /admin/all - Status: 304 - Duration: 75ms
2026-01-17 18:50:57 [INFO]: GET /api/appointments/admin/all - IP: ::1
2026-01-17 18:50:57 [INFO]: Users list retrieved
2026-01-17 18:50:57 [INFO]: GET /admin/all - Status: 304 - Duration: 82ms
2026-01-17 18:50:57 [INFO]: Users list retrieved
2026-01-17 18:50:57 [INFO]: GET /admin/all - Status: 304 - Duration: 92ms
2026-01-17 18:50:57 [INFO]: GET /api/admin/all - IP: ::1
2026-01-17 18:50:57 [INFO]: GET /api/admin/all - IP: ::1
2026-01-17 18:50:57 [INFO]: Admin retrieved all appointments
2026-01-17 18:50:57 [INFO]: GET /admin/all - Status: 304 - Duration: 66ms
2026-01-17 18:50:57 [INFO]: Users list retrieved
2026-01-17 18:50:57 [INFO]: GET /admin/all - Status: 304 - Duration: 55ms
2026-01-17 18:50:57 [INFO]: Users list retrieved
2026-01-17 18:50:57 [INFO]: GET /admin/all - Status: 304 - Duration: 56ms
2026-01-17 18:51:33 [INFO]: POST /api/login - IP: ::1
2026-01-17 18:51:33 [INFO]: User logged in successfully
2026-01-17 18:51:33 [INFO]: POST /login - Status: 201 - Duration: 182ms
2026-01-17 18:51:33 [INFO]: GET /api/appointments/admin/all - IP: ::1
2026-01-17 18:51:33 [INFO]: GET /api/admin/all - IP: ::1
2026-01-17 18:51:33 [INFO]: GET /api/admin/all - IP: ::1
2026-01-17 18:51:33 [INFO]: Admin retrieved all appointments
2026-01-17 18:51:33 [INFO]: GET /admin/all - Status: 200 - Duration: 57ms
2026-01-17 18:51:33 [INFO]: GET /api/appointments/admin/all - IP: ::1
2026-01-17 18:51:33 [INFO]: Users list retrieved
2026-01-17 18:51:33 [INFO]: GET /admin/all - Status: 200 - Duration: 62ms
2026-01-17 18:51:33 [INFO]: Users list retrieved
2026-01-17 18:51:33 [INFO]: GET /admin/all - Status: 200 - Duration: 60ms
2026-01-17 18:51:33 [INFO]: GET /api/admin/all - IP: ::1
2026-01-17 18:51:33 [INFO]: GET /api/admin/all - IP: ::1
2026-01-17 18:51:33 [INFO]: Admin retrieved all appointments
2026-01-17 18:51:33 [INFO]: GET /admin/all - Status: 304 - Duration: 81ms
2026-01-17 18:51:33 [INFO]: Users list retrieved
2026-01-17 18:51:33 [INFO]: GET /admin/all - Status: 304 - Duration: 83ms
2026-01-17 18:51:33 [INFO]: Users list retrieved
2026-01-17 18:51:33 [INFO]: GET /admin/all - Status: 304 - Duration: 91ms
2026-01-17 18:57:36 [INFO]: GET /api/appointments/admin/all - IP: ::1
2026-01-17 18:57:36 [INFO]: GET /api/admin/all - IP: ::1
2026-01-17 18:57:36 [INFO]: GET /api/admin/all - IP: ::1
2026-01-17 18:57:36 [INFO]: Admin retrieved all appointments
2026-01-17 18:57:36 [INFO]: GET /admin/all - Status: 304 - Duration: 83ms
2026-01-17 18:57:36 [INFO]: Users list retrieved
2026-01-17 18:57:36 [INFO]: GET /admin/all - Status: 304 - Duration: 63ms
2026-01-17 18:57:36 [INFO]: Users list retrieved
2026-01-17 18:57:36 [INFO]: GET /admin/all - Status: 304 - Duration: 63ms
2026-01-17 19:18:52 [INFO]: MongoDB reconnected
2026-01-17 19:18:52 [INFO]: MongoDB reconnected
2026-01-17 19:19:02 [WARN]: MongoDB disconnected
2026-01-17 19:19:02 [INFO]: MongoDB reconnected
2026-01-17 19:21:01 [INFO]: GET /api/appointments/admin/all - IP: ::1
2026-01-17 19:21:01 [INFO]: GET /api/admin/all - IP: ::1
2026-01-17 19:21:01 [INFO]: GET /api/admin/all - IP: ::1
2026-01-17 19:21:02 [INFO]: Users list retrieved
2026-01-17 19:21:02 [INFO]: GET /admin/all - Status: 304 - Duration: 1054ms
2026-01-17 19:21:02 [INFO]: GET /api/admin/all - IP: ::1
2026-01-17 19:21:02 [INFO]: Admin retrieved all appointments
2026-01-17 19:21:02 [INFO]: GET /admin/all - Status: 304 - Duration: 1101ms
2026-01-17 19:21:02 [INFO]: GET /api/appointments/admin/all - IP: ::1
2026-01-17 19:21:02 [INFO]: Admin retrieved all appointments
2026-01-17 19:21:02 [INFO]: GET /admin/all - Status: 304 - Duration: 108ms
2026-01-17 19:21:03 [INFO]: Users list retrieved
2026-01-17 19:21:03 [INFO]: GET /admin/all - Status: 304 - Duration: 1360ms
2026-01-17 19:21:03 [INFO]: GET /api/admin/all - IP: ::1
2026-01-17 19:21:03 [INFO]: Users list retrieved
2026-01-17 19:21:03 [INFO]: GET /admin/all - Status: 304 - Duration: 305ms
2026-01-17 19:21:03 [INFO]: Users list retrieved
2026-01-17 19:21:03 [INFO]: GET /admin/all - Status: 304 - Duration: 632ms
2026-01-17 19:23:24 [INFO]: 🚀 Server running on PORT 8000
2026-01-17 19:23:27 [INFO]: ✅ MongoDB Connected Successfully
2026-01-17 19:23:43 [INFO]: GET /api/messages - IP: ::1
2026-01-17 19:23:45 [INFO]: Messages retrieved
2026-01-17 19:23:45 [INFO]: GET / - Status: 304 - Duration: 1862ms
2026-01-17 19:23:45 [INFO]: GET /api/messages - IP: ::1
2026-01-17 19:23:46 [INFO]: Messages retrieved
2026-01-17 19:23:46 [INFO]: GET / - Status: 304 - Duration: 424ms
2026-01-17 19:24:25 [INFO]: 🚀 Server running on PORT 8000
2026-01-17 19:24:26 [INFO]: ✅ MongoDB Connected Successfully
2026-01-17 19:25:51 [INFO]: GET /api/messages - IP: ::1
2026-01-17 19:25:51 [INFO]: Messages retrieved
2026-01-17 19:25:51 [INFO]: GET / - Status: 304 - Duration: 288ms
2026-01-17 19:25:51 [INFO]: GET /api/messages - IP: ::1
2026-01-17 19:25:52 [INFO]: Messages retrieved
2026-01-17 19:25:52 [INFO]: GET / - Status: 304 - Duration: 279ms
2026-01-17 19:25:55 [INFO]: GET /api/messages - IP: ::1
2026-01-17 19:25:55 [INFO]: Messages retrieved
2026-01-17 19:25:55 [INFO]: GET / - Status: 304 - Duration: 284ms
2026-01-17 19:25:55 [INFO]: GET /api/messages - IP: ::1
2026-01-17 19:25:55 [INFO]: Messages retrieved
2026-01-17 19:25:55 [INFO]: GET / - Status: 304 - Duration: 223ms
2026-01-17 19:26:44 [INFO]: GET /api/messages - IP: ::1
2026-01-17 19:26:44 [INFO]: Messages retrieved
2026-01-17 19:26:44 [INFO]: GET / - Status: 304 - Duration: 158ms
2026-01-17 19:26:44 [INFO]: GET /api/messages - IP: ::1
2026-01-17 19:26:45 [INFO]: Messages retrieved
2026-01-17 19:26:45 [INFO]: GET / - Status: 304 - Duration: 301ms
