2026-01-22 21:46:38 [INFO]: 🚀 Server running on PORT 8000
2026-01-22 21:47:00 [INFO]: ✅ MongoDB Connected Successfully
2026-01-22 21:47:09 [INFO]: GET /api/appointments/student - IP: ::1
2026-01-22 21:47:09 [INFO]: GET /api/appointments/student - IP: ::1
2026-01-22 21:47:09 [INFO]: GET /api/teachers - IP: ::1
2026-01-22 21:47:09 [INFO]: GET /api/teachers - IP: ::1
2026-01-22 21:47:09 [INFO]: Teachers list retrieved
2026-01-22 21:47:09 [INFO]: GET /teachers - Status: 200 - Duration: 63ms
2026-01-22 21:47:09 [INFO]: Student appointments retrieved
2026-01-22 21:47:10 [INFO]: GET /student - Status: 200 - Duration: 121ms
2026-01-22 21:47:10 [INFO]: Student appointments retrieved
2026-01-22 21:47:10 [INFO]: GET /student - Status: 200 - Duration: 174ms
2026-01-22 21:47:10 [INFO]: Teachers list retrieved
2026-01-22 21:47:10 [INFO]: GET /teachers - Status: 200 - Duration: 423ms
2026-01-22 22:10:42 [INFO]: POST /api/register - IP: ::1
2026-01-22 22:10:42 [WARN]: POST /register - Status: 400 - Duration: 18ms
2026-01-22 22:37:11 [INFO]: POST /api/register - IP: ::1
2026-01-22 22:37:11 [WARN]: POST /register - Status: 400 - Duration: 11ms
2026-01-22 22:38:14 [INFO]: POST /api/register - IP: ::1
2026-01-22 22:38:14 [WARN]: POST /register - Status: 400 - Duration: 3ms
